<?xml version="1.0" encoding="UTF-8"?>
<testng-results ignored="0" total="1" passed="1" failed="0" skipped="0">
  <reporter-output>
  </reporter-output>
  <suite started-at="2025-04-14T21:08:16 IST" name="Master Suite" finished-at="2025-04-14T21:08:27 IST" duration-ms="11366">
    <groups>
      <group name="sanity">
        <method signature="TC001_AccountRegistrationTest.verify_accountRefistration()[pri:0, instance:testCases.TC001_AccountRegistrationTest@ebb6851]" name="verify_accountRefistration" class="testCases.TC001_AccountRegistrationTest"/>
      </group> <!-- sanity -->
      <group name="master">
        <method signature="TC001_AccountRegistrationTest.verify_accountRefistration()[pri:0, instance:testCases.TC001_AccountRegistrationTest@ebb6851]" name="verify_accountRefistration" class="testCases.TC001_AccountRegistrationTest"/>
      </group> <!-- master -->
    </groups>
    <test started-at="2025-04-14T21:08:16 IST" name="Test" finished-at="2025-04-14T21:08:27 IST" duration-ms="11366">
      <class name="testCases.TC001_AccountRegistrationTest">
        <test-method is-config="true" signature="setup(java.lang.String,java.lang.String)[pri:0, instance:testCases.TC001_AccountRegistrationTest@ebb6851]" started-at="2025-04-14T21:08:16 IST" name="setup" finished-at="2025-04-14T21:08:25 IST" duration-ms="8853" status="PASS">
          <params>
            <param index="0">
              <value>
                <![CDATA[Windows]]>
              </value>
            </param>
            <param index="1">
              <value>
                <![CDATA[chrome]]>
              </value>
            </param>
          </params>
          <reporter-output>
          </reporter-output>
        </test-method> <!-- setup -->
        <test-method signature="verify_accountRefistration()[pri:0, instance:testCases.TC001_AccountRegistrationTest@ebb6851]" started-at="2025-04-14T21:08:25 IST" name="verify_accountRefistration" finished-at="2025-04-14T21:08:27 IST" duration-ms="1966" status="PASS">
          <reporter-output>
          </reporter-output>
        </test-method> <!-- verify_accountRefistration -->
        <test-method is-config="true" signature="tearDown()[pri:0, instance:testCases.TC001_AccountRegistrationTest@ebb6851]" started-at="2025-04-14T21:08:27 IST" name="tearDown" finished-at="2025-04-14T21:08:27 IST" duration-ms="255" status="PASS">
          <reporter-output>
          </reporter-output>
        </test-method> <!-- tearDown -->
      </class> <!-- testCases.TC001_AccountRegistrationTest -->
    </test> <!-- Test -->
  </suite> <!-- Master Suite -->
</testng-results>
