<?xml version="1.0" encoding="UTF-8"?>
<testng-results ignored="0" total="1" passed="1" failed="0" skipped="0">
  <reporter-output>
  </reporter-output>
  <suite started-at="2025-04-14T17:07:09 IST" name="Failed suite [Failed suite [Suite]]" finished-at="2025-04-14T17:07:26 IST" duration-ms="16990">
    <groups>
      <group name="sanity">
        <method signature="TC001_AccountRegistrationTest.verify_accountRefistration()[pri:0, instance:testCases.TC001_AccountRegistrationTest@e4487af]" name="verify_accountRefistration" class="testCases.TC001_AccountRegistrationTest"/>
      </group> <!-- sanity -->
      <group name="master">
        <method signature="TC001_AccountRegistrationTest.verify_accountRefistration()[pri:0, instance:testCases.TC001_AccountRegistrationTest@e4487af]" name="verify_accountRefistration" class="testCases.TC001_AccountRegistrationTest"/>
      </group> <!-- master -->
    </groups>
    <test started-at="2025-04-14T17:07:09 IST" name="firefoxTest(failed)(failed)" finished-at="2025-04-14T17:07:26 IST" duration-ms="16990">
      <class name="testCases.TC001_AccountRegistrationTest">
        <test-method is-config="true" signature="setup(java.lang.String,java.lang.String)[pri:0, instance:testCases.TC001_AccountRegistrationTest@e4487af]" started-at="2025-04-14T17:07:09 IST" name="setup" finished-at="2025-04-14T17:07:22 IST" duration-ms="13097" status="PASS">
          <params>
            <param index="0">
              <value>
                <![CDATA[Windows]]>
              </value>
            </param>
            <param index="1">
              <value>
                <![CDATA[firefox]]>
              </value>
            </param>
          </params>
          <reporter-output>
          </reporter-output>
        </test-method> <!-- setup -->
        <test-method signature="verify_accountRefistration()[pri:0, instance:testCases.TC001_AccountRegistrationTest@e4487af]" started-at="2025-04-14T17:07:22 IST" name="verify_accountRefistration" finished-at="2025-04-14T17:07:24 IST" duration-ms="2280" status="PASS">
          <reporter-output>
          </reporter-output>
        </test-method> <!-- verify_accountRefistration -->
        <test-method is-config="true" signature="tearDown()[pri:0, instance:testCases.TC001_AccountRegistrationTest@e4487af]" started-at="2025-04-14T17:07:24 IST" name="tearDown" finished-at="2025-04-14T17:07:26 IST" duration-ms="1538" status="PASS">
          <reporter-output>
          </reporter-output>
        </test-method> <!-- tearDown -->
      </class> <!-- testCases.TC001_AccountRegistrationTest -->
    </test> <!-- firefoxTest(failed)(failed) -->
  </suite> <!-- Failed suite [Failed suite [Suite]] -->
</testng-results>
