<?xml version="1.0" encoding="UTF-8"?>
<!-- Generated by org.testng.reporters.JUnitReportReporter -->
<testsuite hostname="LAPTOP-ECM97A8V" failures="0" tests="7" name="testCases.TC003_LoginDDT" time="208.158" errors="0" timestamp="2025-04-13T15:31:36 IST" skipped="0">
  <testcase classname="testCases.TC003_LoginDDT" name="verify_loginDDT" time="4.578"/>
  <testcase classname="testCases.TC003_LoginDDT" name="verify_loginDDT" time="33.646"/>
  <testcase classname="testCases.TC003_LoginDDT" name="verify_loginDDT" time="34.220"/>
  <testcase classname="testCases.TC003_LoginDDT" name="verify_loginDDT" time="33.792"/>
  <testcase classname="testCases.TC003_LoginDDT" name="verify_loginDDT" time="34.196"/>
  <testcase classname="testCases.TC003_LoginDDT" name="verify_loginDDT" time="34.093"/>
  <testcase classname="testCases.TC003_LoginDDT" name="verify_loginDDT" time="33.633"/>
</testsuite> <!-- testCases.TC003_LoginDDT -->
