<?xml version="1.0" encoding="UTF-8"?>
<!-- Generated by org.testng.reporters.JUnitXMLReporter -->
<testsuite ignored="0" hostname="LAPTOP-ECM97A8V" failures="1" tests="2" name="Test" time="19.938" errors="0" timestamp="2025-04-13T11:34:34 IST">
  <testcase classname="testCases.TC002_LoginTest" name="verify_Login" time="1.291"/>
  <testcase classname="testCases.TC003_LoginDDT" name="verify_loginDDT" time="0.0">
    <failure type="java.lang.RuntimeException" message="java.io.FileNotFoundException: Sheet1 (The system cannot find the file specified)">
      <![CDATA[java.lang.RuntimeException: java.io.FileNotFoundException: Sheet1 (The system cannot find the file specified)
at java.base/java.util.ArrayList.forEach(ArrayList.java:1597)
Caused by: java.io.FileNotFoundException: Sheet1 (The system cannot find the file specified)
at java.base/java.io.FileInputStream.open0(Native Method)
at java.base/java.io.FileInputStream.open(FileInputStream.java:219)
at java.base/java.io.FileInputStream.<init>(FileInputStream.java:159)
at java.base/java.io.FileInputStream.<init>(FileInputStream.java:112)
at utilities.excelUtility.getRowCount(excelUtility.java:35)
at utilities.DataProviders.getData(DataProviders.java:15)
... 25 more
... Removed 30 stack frames]]>
    </failure>
  </testcase> <!-- verify_loginDDT -->
</testsuite> <!-- Test -->
